  1-1.c
  1-2.c
  1-3.c
  1-4.c
  1-5.c
  1-6.c
  1-7.c
  1-8.c
  1-9.c
  2-1.c
  2-10.c
  2-11.c
  2-12.c
  2-2.c
  2-3.c
  2-4.c
  2-5.c
  2-6.c
  2-7.c
  2-8.c
  코드를 생성하고 있습니다...
  컴파일하고 있습니다...
  2-9.c
  3-1.c
  3-10.c
  3-11.c
  3-12.c
  3-13.c
  3-14.c
  3-15.c
  3-16.c
  3-2.c
  3-3.c
  3-4.c
  3-5.c
  3-6.c
  3-7.c
  3-8.c
  3-9.c
  4-1.c
  4-10.c
  4-11.c
  코드를 생성하고 있습니다...
  컴파일하고 있습니다...
  4-12.c
  4-13.c
  4-14.c
  4-15.c
  4-16.c
  4-17.c
  4-18.c
  4-19.c
  4-2.c
  4-20.c
  4-21.c
  4-22.c
  4-23.c
  4-24.c
  4-25.c
  4-26.c
  4-27.c
  4-28.c
  4-29.c
  4-3.c
  코드를 생성하고 있습니다...
  컴파일하고 있습니다...
  4-30.c
  4-31.c
  4-32.c
  4-33.c
  4-34.c
  4-35.c
  4-4.c
  4-5.c
  4-6.c
  4-7.c
  4-8.c
  4-9.c
  5-1.c
  5-10.c
  5-11.c
  5-12.c
  5-13.c
  5-14.c
  5-15.c
  5-16.c
  코드를 생성하고 있습니다...
  컴파일하고 있습니다...
  5-2.C
  5-3.C
  5-4.c
  5-5.c
  5-6.c
  5-7.c
  5-8.c
  5-9.c
  코드를 생성하고 있습니다...
  Part2.vcxproj -> D:\Study\C_Project\C_Study_Example\Part2\Debug\Part2.exe
